2024-11-18 18:14:08.805 [info] Deleted uninstalled extension from disk codeium.codeium /home/bayu/.vscode/extensions/codeium.codeium-1.27.2
2024-11-18 18:14:08.849 [error] [uncaught exception in sharedProcess]: Error: ENOENT: no such file or directory, stat '/home/bayu/.vscode/extensions/codeium.codeium-1.27.2.1c67effd.vsctmp': EntryNotFound (FileSystemError): Error: ENOENT: no such file or directory, stat '/home/bayu/.vscode/extensions/codeium.codeium-1.27.2.1c67effd.vsctmp'
    at hm.create (file:///usr/share/code/resources/app/out/vs/code/electron-utility/sharedProcess/sharedProcessMain.js:35:39254)
    at Es (file:///usr/share/code/resources/app/out/vs/code/electron-utility/sharedProcess/sharedProcessMain.js:35:39361)
    at Fr.ib (file:///usr/share/code/resources/app/out/vs/code/electron-utility/sharedProcess/sharedProcessMain.js:71:22677)
    at Fr.stat (file:///usr/share/code/resources/app/out/vs/code/electron-utility/sharedProcess/sharedProcessMain.js:71:16010)
    at async Zl.stat (file:///usr/share/code/resources/app/out/vs/code/electron-utility/sharedProcess/sharedProcessMain.js:70:84491)
    at async Jl.yb (file:///usr/share/code/resources/app/out/vs/code/electron-utility/sharedProcess/sharedProcessMain.js:70:66605)
2024-11-18 18:14:08.872 [info] Deleted uninstalled extension from disk eamodio.gitlens /home/bayu/.vscode/extensions/eamodio.gitlens-2024.11.1204
2024-11-18 18:14:09.225 [info] Deleted uninstalled extension from disk ms-vscode-remote.remote-ssh /home/bayu/.vscode/extensions/ms-vscode-remote.remote-ssh-0.115.0
2024-11-18 18:14:09.528 [info] Deleted uninstalled extension from disk ms-python.vscode-pylance /home/bayu/.vscode/extensions/ms-python.vscode-pylance-2024.11.1
2024-11-18 18:14:09.540 [info] Deleted uninstalled extension from disk ms-python.python /home/bayu/.vscode/extensions/ms-python.python-2024.19.2024111101-linux-x64
2024-11-18 18:14:13.288 [info] Getting Manifest... eamodio.gitlens
2024-11-18 18:14:13.290 [info] Getting Manifest... ms-python.python
2024-11-18 18:14:13.586 [info] Installing extension: ms-python.python {"installPreReleaseVersion":true,"productVersion":{"version":"1.95.3","date":"2024-11-13T14:50:04.152Z"},"pinned":false,"operation":3,"isApplicationScoped":false,"profileLocation":{"$mid":1,"external":"vscode-userdata:/home/bayu/.vscode/extensions/extensions.json","path":"/home/bayu/.vscode/extensions/extensions.json","scheme":"vscode-userdata"},"installOnlyNewlyAddedFromExtensionPack":true}
2024-11-18 18:14:13.619 [info] Installing extension: eamodio.gitlens {"installPreReleaseVersion":true,"productVersion":{"version":"1.95.3","date":"2024-11-13T14:50:04.152Z"},"pinned":false,"operation":3,"isApplicationScoped":false,"profileLocation":{"$mid":1,"external":"vscode-userdata:/home/bayu/.vscode/extensions/extensions.json","path":"/home/bayu/.vscode/extensions/extensions.json","scheme":"vscode-userdata"},"installOnlyNewlyAddedFromExtensionPack":true}
2024-11-18 18:14:18.208 [info] Extension signature verification result for eamodio.gitlens: Success. Executed: true. Duration: 1760ms.
2024-11-18 18:14:18.883 [info] Extracted extension to file:///home/bayu/.vscode/extensions/eamodio.gitlens-2024.11.1804: eamodio.gitlens
2024-11-18 18:14:18.919 [info] Renamed to /home/bayu/.vscode/extensions/eamodio.gitlens-2024.11.1804
2024-11-18 18:14:18.976 [info] Marked extension as uninstalled eamodio.gitlens-2024.11.1417
2024-11-18 18:14:19.021 [error] [uncaught exception in sharedProcess]: Error: ENOENT: no such file or directory, stat '/home/bayu/.vscode/extensions/extensions.json.vsctmp': EntryNotFound (FileSystemError): Error: ENOENT: no such file or directory, stat '/home/bayu/.vscode/extensions/extensions.json.vsctmp'
    at hm.create (file:///usr/share/code/resources/app/out/vs/code/electron-utility/sharedProcess/sharedProcessMain.js:35:39254)
    at Es (file:///usr/share/code/resources/app/out/vs/code/electron-utility/sharedProcess/sharedProcessMain.js:35:39361)
    at Fr.ib (file:///usr/share/code/resources/app/out/vs/code/electron-utility/sharedProcess/sharedProcessMain.js:71:22677)
    at Fr.stat (file:///usr/share/code/resources/app/out/vs/code/electron-utility/sharedProcess/sharedProcessMain.js:71:16010)
    at async Zl.stat (file:///usr/share/code/resources/app/out/vs/code/electron-utility/sharedProcess/sharedProcessMain.js:70:84491)
    at async Jl.yb (file:///usr/share/code/resources/app/out/vs/code/electron-utility/sharedProcess/sharedProcessMain.js:70:66605)
2024-11-18 18:14:19.052 [info] Extension installed successfully: eamodio.gitlens vscode-userdata:/home/bayu/.vscode/extensions/extensions.json
2024-11-18 18:14:20.144 [info] Extension signature verification result for ms-python.python: Success. Executed: true. Duration: 2000ms.
2024-11-18 18:14:21.735 [info] Extracted extension to file:///home/bayu/.vscode/extensions/ms-python.python-2024.21.2024111501-linux-x64: ms-python.python
2024-11-18 18:14:21.751 [info] Renamed to /home/bayu/.vscode/extensions/ms-python.python-2024.21.2024111501-linux-x64
2024-11-18 18:14:21.789 [info] Marked extension as uninstalled ms-python.python-2024.21.2024111401-linux-x64
2024-11-18 18:14:21.802 [info] Extension installed successfully: ms-python.python vscode-userdata:/home/bayu/.vscode/extensions/extensions.json
2024-11-18 18:14:21.836 [error] [uncaught exception in sharedProcess]: Error: ENOENT: no such file or directory, stat '/home/bayu/.vscode/extensions/extensions.json.vsctmp': EntryNotFound (FileSystemError): Error: ENOENT: no such file or directory, stat '/home/bayu/.vscode/extensions/extensions.json.vsctmp'
    at hm.create (file:///usr/share/code/resources/app/out/vs/code/electron-utility/sharedProcess/sharedProcessMain.js:35:39254)
    at Es (file:///usr/share/code/resources/app/out/vs/code/electron-utility/sharedProcess/sharedProcessMain.js:35:39361)
    at Fr.ib (file:///usr/share/code/resources/app/out/vs/code/electron-utility/sharedProcess/sharedProcessMain.js:71:22677)
    at Fr.stat (file:///usr/share/code/resources/app/out/vs/code/electron-utility/sharedProcess/sharedProcessMain.js:71:16010)
    at async Zl.stat (file:///usr/share/code/resources/app/out/vs/code/electron-utility/sharedProcess/sharedProcessMain.js:70:84491)
    at async Jl.yb (file:///usr/share/code/resources/app/out/vs/code/electron-utility/sharedProcess/sharedProcessMain.js:70:66605)
