2024-11-18 18:14:08.244 [info] Using settings sync service https://vscode-sync.trafficmanager.net/
2024-11-18 18:14:08.244 [info] Auto Sync is enabled.
2024-11-18 18:14:08.244 [info] Auto Sync: Suspended until auth token is available.
2024-11-18 18:14:14.159 [info] Auto Sync: Triggered by Interval
2024-11-18 18:14:14.159 [info] Sync started.
2024-11-18 18:14:14.710 [info] Settings: No changes found during synchronizing settings.
2024-11-18 18:14:14.721 [info] Keybindings: No changes found during synchronizing keybindings.
2024-11-18 18:14:14.729 [info] Snippets: No changes found during synchronizing snippets.
2024-11-18 18:14:14.733 [info] Tasks: No changes found during synchronizing tasks.
2024-11-18 18:14:15.592 [info] GlobalState: Updated remote ui state. Updated: cpp.1.lastSessionDate,cpp.1.sessionCount,java.2.lastSessionDate,java.2.sessionCount,javascript.1.lastSessionDate,javascript.1.sessionCount,typescript.1.lastSessionDate,typescript.1.sessionCount,csharp.1.lastSessionDate,csharp.1.sessionCount.
2024-11-18 18:14:15.600 [info] GlobalState: Updated last synchronized ui state
2024-11-18 18:14:16.276 [info] Extensions: Updated remote extensions. Updated: ["eamodio.gitlens"].
2024-11-18 18:14:16.288 [info] Extensions: Updated last synchronized extensions. Skipped: ["zhang-renyang.chat-gpt"].
2024-11-18 18:14:16.292 [info] Profiles: No changes found during synchronizing profiles.
2024-11-18 18:14:16.296 [info] Sync done. Took 2138ms
2024-11-18 18:14:21.185 [info] Auto Sync: Triggered by Activity
2024-11-18 18:14:21.185 [info] Sync started.
2024-11-18 18:14:21.296 [info] Settings: No changes found during synchronizing settings.
2024-11-18 18:14:21.300 [info] Keybindings: No changes found during synchronizing keybindings.
2024-11-18 18:14:21.307 [info] Snippets: No changes found during synchronizing snippets.
2024-11-18 18:14:21.314 [info] Tasks: No changes found during synchronizing tasks.
2024-11-18 18:14:21.320 [info] GlobalState: No changes found during synchronizing ui state.
2024-11-18 18:14:22.029 [info] Extensions: Updated remote extensions. Updated: ["eamodio.gitlens"].
2024-11-18 18:14:22.040 [info] Extensions: Updated last synchronized extensions. Skipped: ["zhang-renyang.chat-gpt"].
2024-11-18 18:14:22.047 [info] Profiles: No changes found during synchronizing profiles.
2024-11-18 18:14:22.052 [info] Sync done. Took 867ms
2024-11-18 18:14:23.906 [info] Auto Sync: Triggered by Activity
2024-11-18 18:14:23.906 [info] Sync started.
2024-11-18 18:14:24.031 [info] Settings: No changes found during synchronizing settings.
2024-11-18 18:14:24.042 [info] Keybindings: No changes found during synchronizing keybindings.
2024-11-18 18:14:24.047 [info] Snippets: No changes found during synchronizing snippets.
2024-11-18 18:14:24.052 [info] Tasks: No changes found during synchronizing tasks.
2024-11-18 18:14:24.056 [info] GlobalState: No changes found during synchronizing ui state.
2024-11-18 18:14:24.117 [info] Extensions: No changes found during synchronizing extensions.
2024-11-18 18:14:24.120 [info] Profiles: No changes found during synchronizing profiles.
2024-11-18 18:14:24.121 [info] Sync done. Took 216ms
2024-11-18 18:14:53.286 [info] Auto Sync: Triggered by Activity
2024-11-18 18:14:53.287 [info] Sync started.
2024-11-18 18:14:53.379 [info] Settings: No changes found during synchronizing settings.
2024-11-18 18:14:53.383 [info] Keybindings: No changes found during synchronizing keybindings.
2024-11-18 18:14:53.388 [info] Snippets: No changes found during synchronizing snippets.
2024-11-18 18:14:53.392 [info] Tasks: No changes found during synchronizing tasks.
2024-11-18 18:14:53.397 [info] GlobalState: No changes found during synchronizing ui state.
2024-11-18 18:14:53.488 [info] Extensions: No changes found during synchronizing extensions.
2024-11-18 18:14:53.490 [info] Profiles: No changes found during synchronizing profiles.
2024-11-18 18:14:53.491 [info] Sync done. Took 207ms
