2024-11-15 09:10:00.917 [info] Started local extension host with pid 28408.
2024-11-15 09:10:01.434 [error] Extension 'ms-toolsai.tensorboard CANNOT USE these API proposals 'portsAttributes'. You MUST start in extension development mode or use the --enable-proposed-api command line flag
2024-11-15 09:10:03.141 [info] Settings Sync: Updating authentication providers. Authentication Providers from store: [{"id":"github","scopes":["user:email"]},{"id":"microsoft","scopes":["openid","profile","email","offline_access"]}]
2024-11-15 09:10:03.142 [info] Settings Sync: Authentication providers updated []
2024-11-15 09:10:03.232 [info] Settings Sync: Updating authentication providers. Authentication Providers from store: [{"id":"github","scopes":["user:email"]},{"id":"microsoft","scopes":["openid","profile","email","offline_access"]}]
2024-11-15 09:10:03.232 [info] Settings Sync: Authentication providers updated ["github"]
2024-11-15 09:10:03.233 [info] Settings Sync: Updating authentication providers. Authentication Providers from store: [{"id":"github","scopes":["user:email"]},{"id":"microsoft","scopes":["openid","profile","email","offline_access"]}]
2024-11-15 09:10:03.233 [info] Settings Sync: Authentication providers updated ["github"]
2024-11-15 09:10:03.233 [info] Settings Sync: Updating due to declared authentication providers changed
2024-11-15 09:10:03.233 [info] Settings Sync: Updating authentication providers. Authentication Providers from store: [{"id":"github","scopes":["user:email"]},{"id":"microsoft","scopes":["openid","profile","email","offline_access"]}]
2024-11-15 09:10:03.234 [info] Settings Sync: Authentication providers updated ["github"]
2024-11-15 09:10:03.234 [info] Settings Sync: Updating authentication providers. Authentication Providers from store: [{"id":"github","scopes":["user:email"]},{"id":"microsoft","scopes":["openid","profile","email","offline_access"]}]
2024-11-15 09:10:03.235 [info] Settings Sync: Authentication providers updated ["github","microsoft"]
2024-11-15 09:10:03.235 [info] Settings Sync: Updating authentication providers. Authentication Providers from store: [{"id":"github","scopes":["user:email"]},{"id":"microsoft","scopes":["openid","profile","email","offline_access"]}]
2024-11-15 09:10:03.236 [info] Settings Sync: Authentication providers updated ["github","microsoft"]
2024-11-15 09:10:03.236 [info] Settings Sync: Updating due to declared authentication providers changed
2024-11-15 09:10:03.236 [info] Settings Sync: Updating authentication providers. Authentication Providers from store: [{"id":"github","scopes":["user:email"]},{"id":"microsoft","scopes":["openid","profile","email","offline_access"]}]
2024-11-15 09:10:03.236 [info] Settings Sync: Authentication providers updated ["github","microsoft"]
2024-11-15 09:10:03.859 [info] [perf] Render performance baseline is 51ms
2024-11-15 09:10:04.751 [error] [Extension Host] (node:28408) [DEP0005] DeprecationWarning: Buffer() is deprecated due to security and usability issues. Please use the Buffer.alloc(), Buffer.allocUnsafe(), or Buffer.from() methods instead.
(Use `exe --trace-deprecation ...` to show where the warning was created)
2024-11-15 09:10:04.987 [info] Settings Sync: Updating authentication providers. Authentication Providers from store: [{"id":"github","scopes":["user:email"]},{"id":"microsoft","scopes":["openid","profile","email","offline_access"]}]
2024-11-15 09:10:04.988 [info] Settings Sync: Authentication providers updated ["github","microsoft"]
2024-11-15 09:10:07.012 [info] Settings Sync: Updating authentication providers. Authentication Providers from store: [{"id":"github","scopes":["user:email"]},{"id":"microsoft","scopes":["openid","profile","email","offline_access"]}]
2024-11-15 09:10:07.012 [info] Settings Sync: Authentication providers updated ["github","microsoft"]
