2024-11-18 18:17:55.785 [info] Using settings sync service https://vscode-sync.trafficmanager.net/
2024-11-18 18:17:55.785 [info] Auto Sync is enabled.
2024-11-18 18:17:55.785 [info] Auto Sync: Suspended until auth token is available.
2024-11-18 18:18:02.702 [info] Auto Sync: Triggered by Interval
2024-11-18 18:18:02.703 [info] Sync started.
2024-11-18 18:18:03.247 [info] Settings: No changes found during synchronizing settings.
2024-11-18 18:18:03.255 [info] Keybindings: No changes found during synchronizing keybindings.
2024-11-18 18:18:03.262 [info] Snippets: No changes found during synchronizing snippets.
2024-11-18 18:18:03.267 [info] Tasks: No changes found during synchronizing tasks.
2024-11-18 18:18:03.275 [info] GlobalState: No changes found during synchronizing ui state.
2024-11-18 18:18:04.168 [info] Extensions: Updated remote extensions. Updated: ["eamodio.gitlens"].
2024-11-18 18:18:04.179 [info] Extensions: Updated last synchronized extensions. Skipped: ["zhang-renyang.chat-gpt"].
2024-11-18 18:18:04.188 [info] Profiles: No changes found during synchronizing profiles.
2024-11-18 18:18:04.194 [info] Sync done. Took 1494ms
2024-11-18 18:23:04.201 [info] Auto Sync: Triggered by Interval
2024-11-18 18:23:04.202 [info] Sync started.
2024-11-18 18:23:04.534 [info] Settings: No changes found during synchronizing settings.
2024-11-18 18:23:04.538 [info] Keybindings: No changes found during synchronizing keybindings.
2024-11-18 18:23:04.544 [info] Snippets: No changes found during synchronizing snippets.
2024-11-18 18:23:04.548 [info] Tasks: No changes found during synchronizing tasks.
2024-11-18 18:23:04.553 [info] GlobalState: No changes found during synchronizing ui state.
2024-11-18 18:23:04.640 [info] Extensions: No changes found during synchronizing extensions.
2024-11-18 18:23:04.642 [info] Profiles: No changes found during synchronizing profiles.
2024-11-18 18:23:04.644 [info] Sync done. Took 445ms
2024-11-18 18:26:22.050 [info] Auto Sync: Triggered by Activity
2024-11-18 18:26:22.051 [info] Sync started.
2024-11-18 18:26:22.382 [info] Settings: No changes found during synchronizing settings.
2024-11-18 18:26:22.386 [info] Keybindings: No changes found during synchronizing keybindings.
2024-11-18 18:26:22.392 [info] Snippets: No changes found during synchronizing snippets.
2024-11-18 18:26:22.395 [info] Tasks: No changes found during synchronizing tasks.
2024-11-18 18:26:22.399 [info] GlobalState: No changes found during synchronizing ui state.
2024-11-18 18:26:22.458 [info] Extensions: No changes found during synchronizing extensions.
2024-11-18 18:26:22.459 [info] Profiles: No changes found during synchronizing profiles.
2024-11-18 18:26:22.461 [info] Sync done. Took 413ms
