2024-11-21 12:17:57.267 [info] Started local extension host with pid 44929.
2024-11-21 12:17:57.657 [error] Extension 'ms-toolsai.tensorboard CANNOT USE these API proposals 'portsAttributes'. You MUST start in extension development mode or use the --enable-proposed-api command line flag
2024-11-21 12:17:58.801 [info] Settings Sync: Updating due to initialize
2024-11-21 12:17:58.802 [info] Settings Sync: Updating authentication providers. Authentication Providers from store: [{"id":"github","scopes":["user:email"]},{"id":"microsoft","scopes":["openid","profile","email","offline_access"]}]
2024-11-21 12:17:58.802 [info] Settings Sync: Authentication providers updated []
2024-11-21 12:17:58.875 [info] Settings Sync: Updating authentication providers. Authentication Providers from store: [{"id":"github","scopes":["user:email"]},{"id":"microsoft","scopes":["openid","profile","email","offline_access"]}]
2024-11-21 12:17:58.875 [info] Settings Sync: Authentication providers updated ["github"]
2024-11-21 12:17:58.876 [info] Settings Sync: Updating authentication providers. Authentication Providers from store: [{"id":"github","scopes":["user:email"]},{"id":"microsoft","scopes":["openid","profile","email","offline_access"]}]
2024-11-21 12:17:58.876 [info] Settings Sync: Authentication providers updated ["github"]
2024-11-21 12:17:58.876 [info] Settings Sync: Updating authentication providers. Authentication Providers from store: [{"id":"github","scopes":["user:email"]},{"id":"microsoft","scopes":["openid","profile","email","offline_access"]}]
2024-11-21 12:17:58.877 [info] Settings Sync: Authentication providers updated ["github","microsoft"]
2024-11-21 12:17:58.877 [info] Settings Sync: Updating authentication providers. Authentication Providers from store: [{"id":"github","scopes":["user:email"]},{"id":"microsoft","scopes":["openid","profile","email","offline_access"]}]
2024-11-21 12:17:58.877 [info] Settings Sync: Authentication providers updated ["github","microsoft"]
2024-11-21 12:17:58.904 [info] Settings Sync: Updating due to declared authentication providers changed
2024-11-21 12:17:58.904 [info] Settings Sync: Updating authentication providers. Authentication Providers from store: [{"id":"github","scopes":["user:email"]},{"id":"microsoft","scopes":["openid","profile","email","offline_access"]}]
2024-11-21 12:17:58.904 [info] Settings Sync: Authentication providers updated ["github","microsoft"]
2024-11-21 12:17:58.905 [info] Settings Sync: Updating due to declared authentication providers changed
2024-11-21 12:17:58.905 [info] Settings Sync: Updating authentication providers. Authentication Providers from store: [{"id":"github","scopes":["user:email"]},{"id":"microsoft","scopes":["openid","profile","email","offline_access"]}]
2024-11-21 12:17:58.905 [info] Settings Sync: Authentication providers updated ["github","microsoft"]
2024-11-21 12:18:00.001 [info] [perf] Render performance baseline is 55ms
2024-11-21 12:18:00.315 [error] [Extension Host] (node:44929) [DEP0005] DeprecationWarning: Buffer() is deprecated due to security and usability issues. Please use the Buffer.alloc(), Buffer.allocUnsafe(), or Buffer.from() methods instead.
(Use `exe --trace-deprecation ...` to show where the warning was created)
2024-11-21 12:18:00.484 [info] Settings Sync: Updating authentication providers. Authentication Providers from store: [{"id":"github","scopes":["user:email"]},{"id":"microsoft","scopes":["openid","profile","email","offline_access"]}]
2024-11-21 12:18:00.484 [info] Settings Sync: Authentication providers updated ["github","microsoft"]
2024-11-21 12:18:02.102 [info] Settings Sync: Updating authentication providers. Authentication Providers from store: [{"id":"github","scopes":["user:email"]},{"id":"microsoft","scopes":["openid","profile","email","offline_access"]}]
2024-11-21 12:18:02.102 [info] Settings Sync: Authentication providers updated ["github","microsoft"]
