2024-11-21 12:17:56.974 [info] Added views:workbench.view.search in workbench.view.search
2024-11-21 12:17:56.974 [info] Added views:workbench.scm in workbench.view.scm
2024-11-21 12:17:56.974 [info] Added views:workbench.panel.markers.view in workbench.panel.markers
2024-11-21 12:17:56.974 [info] Added views:workbench.panel.output in workbench.panel.output
2024-11-21 12:17:56.974 [info] Added views:terminal in terminal
2024-11-21 12:17:56.974 [info] Added views:timeline in workbench.view.explorer
2024-11-21 12:17:56.974 [info] Added views:workbench.explorer.emptyView in workbench.view.explorer
2024-11-21 12:17:57.214 [info] Added views:workbench.debug.variablesView,workbench.debug.watchExpressionsView,workbench.debug.callStackView,workbench.debug.breakPointsView in workbench.view.debug
2024-11-21 12:17:57.821 [info] Added views:gitlens.views.home,gitlens.views.launchpad,gitlens.views.workspaces in workbench.view.extension.gitlens
2024-11-21 12:17:57.822 [info] Added views:gitlens.views.commitDetails,gitlens.views.lineHistory,gitlens.views.fileHistory,gitlens.views.searchAndCompare in workbench.view.extension.gitlensInspect
2024-11-21 12:17:57.823 [info] Added views:gitlens.views.scm.grouped in workbench.view.scm
2024-11-21 12:17:57.824 [info] Added views:targetsContainers,devVolumes in workbench.view.remote
2024-11-21 12:17:57.824 [info] Added views:remoteTargets in workbench.view.remote
2024-11-21 12:17:57.825 [info] Added views:liveshare.session in workbench.view.extension.liveshare
2024-11-21 12:17:58.192 [info] Added views:workbench.panel.repl.view in workbench.panel.repl
2024-11-21 12:17:58.194 [info] Removed views:workbench.debug.breakPointsView,workbench.debug.callStackView,workbench.debug.watchExpressionsView,workbench.debug.variablesView from workbench.view.debug
2024-11-21 12:17:58.195 [info] Added views:workbench.debug.welcome in workbench.view.debug
2024-11-21 12:17:58.799 [info] Added views:~remote.forwardedPorts in ~remote.forwardedPortsContainer
2024-11-21 12:17:59.646 [info] Removed views:gitlens.views.workspaces from workbench.view.extension.gitlens
2024-11-21 12:17:59.657 [info] Removed views:gitlens.views.searchAndCompare,gitlens.views.fileHistory,gitlens.views.lineHistory,gitlens.views.commitDetails from workbench.view.extension.gitlensInspect
2024-11-21 12:17:59.660 [info] Removed views:gitlens.views.scm.grouped from workbench.view.scm
