2024-11-15 09:10:01.398 [info] Using settings sync service https://vscode-sync.trafficmanager.net/
2024-11-15 09:10:01.398 [info] Auto Sync is enabled.
2024-11-15 09:10:01.398 [info] Auto Sync: Suspended until auth token is available.
2024-11-15 09:10:07.021 [info] Auto Sync: Triggered by Interval
2024-11-15 09:10:07.021 [info] Sync started.
2024-11-15 09:10:07.588 [info] Settings: No changes found during synchronizing settings.
2024-11-15 09:10:07.631 [info] Keybindings: No changes found during synchronizing keybindings.
2024-11-15 09:10:07.712 [info] Snippets: No changes found during synchronizing snippets.
2024-11-15 09:10:07.793 [info] Tasks: No changes found during synchronizing tasks.
2024-11-15 09:10:08.618 [info] GlobalState: Updated remote ui state. Updated: workbench.activity.pinnedViewlets2,cpp.1.lastSessionDate,cpp.1.sessionCount,java.2.lastSessionDate,java.2.sessionCount,javascript.1.lastSessionDate,javascript.1.sessionCount,typescript.1.lastSessionDate,typescript.1.sessionCount,csharp.1.lastSessionDate,csharp.1.sessionCount.
2024-11-15 09:10:08.632 [info] GlobalState: Updated last synchronized ui state
2024-11-15 09:10:09.663 [info] Extensions: Updated remote extensions. Updated: ["eamodio.gitlens"].
2024-11-15 09:10:09.672 [info] Extensions: Updated last synchronized extensions. Skipped: ["zhang-renyang.chat-gpt"].
2024-11-15 09:10:09.675 [info] Profiles: No changes found during synchronizing profiles.
2024-11-15 09:10:09.677 [info] Sync done. Took 2658ms
2024-11-15 09:10:16.123 [info] Auto Sync: Triggered by Activity
2024-11-15 09:10:16.123 [info] Sync started.
2024-11-15 09:10:16.254 [info] Settings: No changes found during synchronizing settings.
2024-11-15 09:10:16.266 [info] Keybindings: No changes found during synchronizing keybindings.
2024-11-15 09:10:16.272 [info] Snippets: No changes found during synchronizing snippets.
2024-11-15 09:10:16.275 [info] Tasks: No changes found during synchronizing tasks.
2024-11-15 09:10:16.280 [info] GlobalState: No changes found during synchronizing ui state.
2024-11-15 09:10:17.163 [info] Extensions: Updated remote extensions. Updated: ["eamodio.gitlens"].
2024-11-15 09:10:17.171 [info] Extensions: Updated last synchronized extensions. Skipped: ["zhang-renyang.chat-gpt"].
2024-11-15 09:10:17.173 [info] Profiles: No changes found during synchronizing profiles.
2024-11-15 09:10:17.175 [info] Sync done. Took 1052ms
2024-11-15 09:10:19.152 [info] Auto Sync: Triggered by Activity
2024-11-15 09:10:19.153 [info] Sync started.
2024-11-15 09:10:19.256 [info] Settings: No changes found during synchronizing settings.
2024-11-15 09:10:19.259 [info] Keybindings: No changes found during synchronizing keybindings.
2024-11-15 09:10:19.262 [info] Snippets: No changes found during synchronizing snippets.
2024-11-15 09:10:19.264 [info] Tasks: No changes found during synchronizing tasks.
2024-11-15 09:10:19.267 [info] GlobalState: No changes found during synchronizing ui state.
2024-11-15 09:10:19.312 [info] Extensions: No changes found during synchronizing extensions.
2024-11-15 09:10:19.315 [info] Profiles: No changes found during synchronizing profiles.
2024-11-15 09:10:19.316 [info] Sync done. Took 165ms
2024-11-15 09:10:27.249 [info] Auto Sync: Triggered by Activity
2024-11-15 09:10:27.250 [info] Sync started.
2024-11-15 09:10:27.950 [info] Settings: Updated remote settings
2024-11-15 09:10:27.965 [info] Settings: Updated last synchronized settings
2024-11-15 09:10:27.975 [info] Keybindings: No changes found during synchronizing keybindings.
2024-11-15 09:10:27.992 [info] Snippets: No changes found during synchronizing snippets.
2024-11-15 09:10:28.001 [info] Tasks: No changes found during synchronizing tasks.
2024-11-15 09:10:28.015 [info] GlobalState: No changes found during synchronizing ui state.
2024-11-15 09:10:28.088 [info] Extensions: No changes found during synchronizing extensions.
2024-11-15 09:10:28.091 [info] Profiles: No changes found during synchronizing profiles.
2024-11-15 09:10:28.093 [info] Sync done. Took 848ms
