2024-11-18 18:17:54.703 [info] Added views:workbench.view.search in workbench.view.search
2024-11-18 18:17:54.703 [info] Added views:workbench.scm in workbench.view.scm
2024-11-18 18:17:54.703 [info] Added views:workbench.panel.markers.view in workbench.panel.markers
2024-11-18 18:17:54.703 [info] Added views:workbench.panel.output in workbench.panel.output
2024-11-18 18:17:54.703 [info] Added views:terminal in terminal
2024-11-18 18:17:54.703 [info] Added views:timeline in workbench.view.explorer
2024-11-18 18:17:54.703 [info] Added views:workbench.explorer.emptyView in workbench.view.explorer
2024-11-18 18:17:55.005 [info] Added views:workbench.debug.variablesView,workbench.debug.watchExpressionsView,workbench.debug.callStackView,workbench.debug.breakPointsView in workbench.view.debug
2024-11-18 18:17:56.375 [info] Added views:gitlens.views.home,gitlens.views.launchpad,gitlens.views.workspaces in workbench.view.extension.gitlens
2024-11-18 18:17:56.376 [info] Added views:gitlens.views.commitDetails,gitlens.views.lineHistory,gitlens.views.fileHistory,gitlens.views.searchAndCompare in workbench.view.extension.gitlensInspect
2024-11-18 18:17:56.377 [info] Added views:gitlens.views.scm.grouped in workbench.view.scm
2024-11-18 18:17:56.379 [info] Added views:targetsContainers,devVolumes in workbench.view.remote
2024-11-18 18:17:56.379 [info] Added views:remoteTargets in workbench.view.remote
2024-11-18 18:17:56.380 [info] Added views:liveshare.session in workbench.view.extension.liveshare
2024-11-18 18:17:57.218 [info] Added views:workbench.panel.repl.view in workbench.panel.repl
2024-11-18 18:17:57.219 [info] Removed views:workbench.debug.breakPointsView,workbench.debug.callStackView,workbench.debug.watchExpressionsView,workbench.debug.variablesView from workbench.view.debug
2024-11-18 18:17:57.220 [info] Added views:workbench.debug.welcome in workbench.view.debug
2024-11-18 18:17:58.748 [info] Added views:~remote.forwardedPorts in ~remote.forwardedPortsContainer
2024-11-18 18:17:59.390 [info] Removed views:gitlens.views.workspaces from workbench.view.extension.gitlens
2024-11-18 18:17:59.401 [info] Removed views:gitlens.views.searchAndCompare,gitlens.views.fileHistory,gitlens.views.lineHistory,gitlens.views.commitDetails from workbench.view.extension.gitlensInspect
2024-11-18 18:17:59.404 [info] Removed views:gitlens.views.scm.grouped from workbench.view.scm
