2024-11-18 18:14:07.628 [info] Started local extension host with pid 14667.
2024-11-18 18:14:08.309 [error] Extension 'ms-toolsai.tensorboard CANNOT USE these API proposals 'portsAttributes'. You MUST start in extension development mode or use the --enable-proposed-api command line flag
2024-11-18 18:14:09.932 [info] Settings Sync: Updating due to initialize
2024-11-18 18:14:09.932 [info] Settings Sync: Updating authentication providers. Authentication Providers from store: [{"id":"github","scopes":["user:email"]},{"id":"microsoft","scopes":["openid","profile","email","offline_access"]}]
2024-11-18 18:14:09.932 [info] Settings Sync: Authentication providers updated []
2024-11-18 18:14:10.023 [info] Settings Sync: Updating authentication providers. Authentication Providers from store: [{"id":"github","scopes":["user:email"]},{"id":"microsoft","scopes":["openid","profile","email","offline_access"]}]
2024-11-18 18:14:10.023 [info] Settings Sync: Authentication providers updated ["github"]
2024-11-18 18:14:10.024 [info] Settings Sync: Updating authentication providers. Authentication Providers from store: [{"id":"github","scopes":["user:email"]},{"id":"microsoft","scopes":["openid","profile","email","offline_access"]}]
2024-11-18 18:14:10.024 [info] Settings Sync: Authentication providers updated ["github"]
2024-11-18 18:14:10.024 [info] Settings Sync: Updating authentication providers. Authentication Providers from store: [{"id":"github","scopes":["user:email"]},{"id":"microsoft","scopes":["openid","profile","email","offline_access"]}]
2024-11-18 18:14:10.025 [info] Settings Sync: Authentication providers updated ["github","microsoft"]
2024-11-18 18:14:10.025 [info] Settings Sync: Updating authentication providers. Authentication Providers from store: [{"id":"github","scopes":["user:email"]},{"id":"microsoft","scopes":["openid","profile","email","offline_access"]}]
2024-11-18 18:14:10.025 [info] Settings Sync: Authentication providers updated ["github","microsoft"]
2024-11-18 18:14:10.053 [info] Settings Sync: Updating due to declared authentication providers changed
2024-11-18 18:14:10.053 [info] Settings Sync: Updating authentication providers. Authentication Providers from store: [{"id":"github","scopes":["user:email"]},{"id":"microsoft","scopes":["openid","profile","email","offline_access"]}]
2024-11-18 18:14:10.054 [info] Settings Sync: Authentication providers updated ["github","microsoft"]
2024-11-18 18:14:10.054 [info] Settings Sync: Updating due to declared authentication providers changed
2024-11-18 18:14:10.055 [info] Settings Sync: Updating authentication providers. Authentication Providers from store: [{"id":"github","scopes":["user:email"]},{"id":"microsoft","scopes":["openid","profile","email","offline_access"]}]
2024-11-18 18:14:10.055 [info] Settings Sync: Authentication providers updated ["github","microsoft"]
2024-11-18 18:14:10.951 [info] [perf] Render performance baseline is 53ms
2024-11-18 18:14:11.708 [error] [Extension Host] (node:14667) [DEP0005] DeprecationWarning: Buffer() is deprecated due to security and usability issues. Please use the Buffer.alloc(), Buffer.allocUnsafe(), or Buffer.from() methods instead.
(Use `exe --trace-deprecation ...` to show where the warning was created)
2024-11-18 18:14:11.957 [info] Settings Sync: Updating authentication providers. Authentication Providers from store: [{"id":"github","scopes":["user:email"]},{"id":"microsoft","scopes":["openid","profile","email","offline_access"]}]
2024-11-18 18:14:11.958 [info] Settings Sync: Authentication providers updated ["github","microsoft"]
2024-11-18 18:14:14.151 [info] Settings Sync: Updating authentication providers. Authentication Providers from store: [{"id":"github","scopes":["user:email"]},{"id":"microsoft","scopes":["openid","profile","email","offline_access"]}]
2024-11-18 18:14:14.152 [info] Settings Sync: Authentication providers updated ["github","microsoft"]
