2024-11-21 12:18:12.180 [info] Using settings sync service https://vscode-sync.trafficmanager.net/
2024-11-21 12:18:12.180 [info] Auto Sync is enabled.
2024-11-21 12:18:12.180 [info] Auto Sync: Suspended until auth token is available.
2024-11-21 12:18:17.249 [info] Auto Sync: Triggered by Interval
2024-11-21 12:18:17.249 [info] Sync started.
2024-11-21 12:18:17.736 [info] Settings: No changes found during synchronizing settings.
2024-11-21 12:18:17.751 [info] Keybindings: No changes found during synchronizing keybindings.
2024-11-21 12:18:17.763 [info] Snippets: No changes found during synchronizing snippets.
2024-11-21 12:18:17.769 [info] Tasks: No changes found during synchronizing tasks.
2024-11-21 12:18:18.384 [info] GlobalState: Updated remote ui state. Updated: cpp.1.lastSessionDate,cpp.1.sessionCount,java.2.lastSessionDate,java.2.sessionCount,javascript.1.lastSessionDate,javascript.1.sessionCount,typescript.1.lastSessionDate,typescript.1.sessionCount,csharp.1.lastSessionDate,csharp.1.sessionCount.
2024-11-21 12:18:18.393 [info] GlobalState: Updated last synchronized ui state
2024-11-21 12:18:18.466 [info] Extensions: No changes found during synchronizing extensions.
2024-11-21 12:18:18.471 [info] Profiles: No changes found during synchronizing profiles.
2024-11-21 12:18:18.473 [info] Sync done. Took 1225ms
2024-11-21 12:18:40.731 [info] Auto Sync: Triggered by Activity
2024-11-21 12:18:40.731 [info] Sync started.
2024-11-21 12:18:40.833 [info] Settings: No changes found during synchronizing settings.
2024-11-21 12:18:40.839 [info] Keybindings: No changes found during synchronizing keybindings.
2024-11-21 12:18:40.860 [info] Snippets: No changes found during synchronizing snippets.
2024-11-21 12:18:40.865 [info] Tasks: No changes found during synchronizing tasks.
2024-11-21 12:18:40.869 [info] GlobalState: No changes found during synchronizing ui state.
2024-11-21 12:18:41.532 [info] Extensions: Updated remote extensions. Updated: ["eamodio.gitlens"].
2024-11-21 12:18:41.541 [info] Extensions: Updated last synchronized extensions. Skipped: ["zhang-renyang.chat-gpt"].
2024-11-21 12:18:41.543 [info] Profiles: No changes found during synchronizing profiles.
2024-11-21 12:18:41.545 [info] Sync done. Took 814ms
